<?xml version="1.0" encoding="UTF-8"?>
<!-- Generated by org.testng.reporters.JUnitXMLReporter -->
<testsuite ignored="1" hostname="LAPTOP-QNA3O4MF" failures="0" tests="2" name="ChromeTest" time="12.888" errors="0" timestamp="2025-07-01T22:40:29 IST">
  <testcase classname="testCases.TC001_RegistrationTest" name="AccountRegistration" time="2.71"/>
  <testcase classname="testCases.TC002_LoginTest" name="verify_Login" time="2.326"/>
  <testcase classname="testCases.TC003_LoginTestFromDataDriven" name="verify_Login" time="0.0">
    <ignored/>
  </testcase> <!-- verify_Login -->
</testsuite> <!-- ChromeTest -->
