<?xml version="1.0" encoding="UTF-8"?>
<testng-results ignored="1" total="3" passed="2" failed="0" skipped="0">
  <reporter-output>
  </reporter-output>
  <suite started-at="2025-07-01T22:40:15 IST" name="Suite" finished-at="2025-07-01T22:40:28 IST" duration-ms="12888">
    <groups>
      <group name="Master">
        <method signature="TC001_RegistrationTest.AccountRegistration()[pri:0, instance:testCases.TC001_RegistrationTest@34c01041]" name="AccountRegistration" class="testCases.TC001_RegistrationTest"/>
        <method signature="TC002_LoginTest.verify_Login()[pri:0, instance:testCases.TC002_LoginTest@545b995e]" name="verify_Login" class="testCases.TC002_LoginTest"/>
      </group> <!-- Master -->
      <group name="Sanity">
        <method signature="TC002_LoginTest.verify_Login()[pri:0, instance:testCases.TC002_LoginTest@545b995e]" name="verify_Login" class="testCases.TC002_LoginTest"/>
      </group> <!-- Sanity -->
      <group name="Regression">
        <method signature="TC001_RegistrationTest.AccountRegistration()[pri:0, instance:testCases.TC001_RegistrationTest@34c01041]" name="AccountRegistration" class="testCases.TC001_RegistrationTest"/>
      </group> <!-- Regression -->
    </groups>
    <test started-at="2025-07-01T22:40:15 IST" name="ChromeTest" finished-at="2025-07-01T22:40:28 IST" duration-ms="12888">
      <class name="testCases.TC001_RegistrationTest">
        <test-method is-config="true" signature="setUp(java.lang.String)[pri:0, instance:testCases.TC001_RegistrationTest@34c01041]" started-at="2025-07-01T22:40:15 IST" name="setUp" finished-at="2025-07-01T22:40:19 IST" duration-ms="3880" status="PASS">
          <params>
            <param index="0">
              <value>
                <![CDATA[chrome]]>
              </value>
            </param>
          </params>
          <reporter-output>
          </reporter-output>
        </test-method> <!-- setUp -->
        <test-method signature="AccountRegistration()[pri:0, instance:testCases.TC001_RegistrationTest@34c01041]" started-at="2025-07-01T22:40:19 IST" name="AccountRegistration" finished-at="2025-07-01T22:40:22 IST" duration-ms="2710" status="PASS">
          <reporter-output>
          </reporter-output>
        </test-method> <!-- AccountRegistration -->
        <test-method is-config="true" signature="tearDown()[pri:0, instance:testCases.TC001_RegistrationTest@34c01041]" started-at="2025-07-01T22:40:22 IST" name="tearDown" finished-at="2025-07-01T22:40:22 IST" duration-ms="371" status="PASS">
          <reporter-output>
          </reporter-output>
        </test-method> <!-- tearDown -->
      </class> <!-- testCases.TC001_RegistrationTest -->
      <class name="testCases.TC002_LoginTest">
        <test-method is-config="true" signature="setUp(java.lang.String)[pri:0, instance:testCases.TC002_LoginTest@545b995e]" started-at="2025-07-01T22:40:22 IST" name="setUp" finished-at="2025-07-01T22:40:25 IST" duration-ms="3133" status="PASS">
          <params>
            <param index="0">
              <value>
                <![CDATA[chrome]]>
              </value>
            </param>
          </params>
          <reporter-output>
          </reporter-output>
        </test-method> <!-- setUp -->
        <test-method signature="verify_Login()[pri:0, instance:testCases.TC002_LoginTest@545b995e]" started-at="2025-07-01T22:40:25 IST" name="verify_Login" finished-at="2025-07-01T22:40:28 IST" duration-ms="2326" status="PASS">
          <reporter-output>
          </reporter-output>
        </test-method> <!-- verify_Login -->
        <test-method is-config="true" signature="tearDown()[pri:0, instance:testCases.TC002_LoginTest@545b995e]" started-at="2025-07-01T22:40:28 IST" name="tearDown" finished-at="2025-07-01T22:40:28 IST" duration-ms="241" status="PASS">
          <reporter-output>
          </reporter-output>
        </test-method> <!-- tearDown -->
      </class> <!-- testCases.TC002_LoginTest -->
    </test> <!-- ChromeTest -->
  </suite> <!-- Suite -->
</testng-results>
